# TLS secrets log file, generated by OpenSSL / Python
# TLS secrets log file, generated by OpenSSL / Python
# TLS secrets log file, generated by OpenSSL / Python
# TLS secrets log file, generated by OpenSSL / Python
# TLS secrets log file, generated by OpenSSL / Python
# TLS secrets log file, generated by OpenSSL / Python
SERVER_HANDSHAKE_TRAFFIC_SECRET 61c72036d1a76cffdb11c20292e15dddccf436a60f99b4b00bda446faf27883f 99e76745febcfd7ab1978df5fd8523679570fd730ed209a2043a2aed0d8dd423b2a1c5ce196e302d123fce86d7c82551
CLIENT_HANDSHAKE_TRAFFIC_SECRET 61c72036d1a76cffdb11c20292e15dddccf436a60f99b4b00bda446faf27883f 116a1613a0da02cc1056ae0ec97228765a0faf9ca0ae8c67d9d989ed798615eae72466021bfe208c3ed3036610777c02
EXPORTER_SECRET 61c72036d1a76cffdb11c20292e15dddccf436a60f99b4b00bda446faf27883f 2170dcae655caa102da8cb4b5f6814ea07cfba1103909160e82294e5c021bf6c45d7b0e46471c423b038dff054bb5864
SERVER_TRAFFIC_SECRET_0 61c72036d1a76cffdb11c20292e15dddccf436a60f99b4b00bda446faf27883f 1fd5c3fddd1aa3462480983d0b70323b336282da663973bc77d615eabf098e674d6661c799f256453325f016a387bd3a
CLIENT_TRAFFIC_SECRET_0 61c72036d1a76cffdb11c20292e15dddccf436a60f99b4b00bda446faf27883f 5e391bf63a2e3dda8995271e447a0f559396e552a887ae1cc37cbc37adea7e76399db176d925ea8409cc7986b80277cb
# TLS secrets log file, generated by OpenSSL / Python
SERVER_HANDSHAKE_TRAFFIC_SECRET 38e804987227e17502ad98d7c6495e3fb97b0fc7dad8feb4a431de4f0b8221b6 62876f0cf8570bc5ea3272e2cbee992dd22be4f4b87acfecccdac525c30beeb7a322c9f81617713651772812af8cc20e
CLIENT_HANDSHAKE_TRAFFIC_SECRET 38e804987227e17502ad98d7c6495e3fb97b0fc7dad8feb4a431de4f0b8221b6 5a6eb5f4960a787b352f51461a701570677cc17a877aa6e2ed23a0a1b2a972a557d214a529ff97503248e2ceeff7d02e
EXPORTER_SECRET 38e804987227e17502ad98d7c6495e3fb97b0fc7dad8feb4a431de4f0b8221b6 2fdeee5760be1b97e0ab7a4d0f17743f6211af79e20600e8f2ced3cdedb10c8e7aeca3655b462ef5b1a6713580f2982b
SERVER_TRAFFIC_SECRET_0 38e804987227e17502ad98d7c6495e3fb97b0fc7dad8feb4a431de4f0b8221b6 63cfb2e41ae14ce7e228f49a7ab5b7fe7e82e8c8ac903a5df7ced97e77ecd3f316faf1f1ae755dbcb8d9e8965d8a15f5
CLIENT_TRAFFIC_SECRET_0 38e804987227e17502ad98d7c6495e3fb97b0fc7dad8feb4a431de4f0b8221b6 1850e7f1d4a3bed407c1bc7a0d326e1af94b6c37f2c35a0aaca29b55d69139342a47234b96ca64977b2d961cd2ea9bee
SERVER_HANDSHAKE_TRAFFIC_SECRET 8f6dd4189a77f3ce5a04c29b1d3e9d59eecf2a6d008f8bc519ab582b141bcb8f 4d75b17c67e0734d669803edd1446cb04a5571d4cd48924cb82fd5ce671fa3cc268c3028e31b0d9b9f3a8ec6a4308ff9
CLIENT_HANDSHAKE_TRAFFIC_SECRET 8f6dd4189a77f3ce5a04c29b1d3e9d59eecf2a6d008f8bc519ab582b141bcb8f 9fe6fbe349ea6ee48efd1e1eb4c6694a9f56f5a5088cf49a67d99f47f6066d7337451a279407c8540ed1d636336708c5
EXPORTER_SECRET 8f6dd4189a77f3ce5a04c29b1d3e9d59eecf2a6d008f8bc519ab582b141bcb8f f973b7d1a064972a6039b06c3618065cc045932548453219f0147522ddd4b0b4f8d9f64cc610a2bcc59878f7fb651ec7
SERVER_TRAFFIC_SECRET_0 8f6dd4189a77f3ce5a04c29b1d3e9d59eecf2a6d008f8bc519ab582b141bcb8f a2f499e14dea5e391cc81f07fac825abb69c42099cd29b297cb90e8ea60ad25967e3f51cfe430669e340d03d550e0d96
CLIENT_TRAFFIC_SECRET_0 8f6dd4189a77f3ce5a04c29b1d3e9d59eecf2a6d008f8bc519ab582b141bcb8f a8e6c6858b9488436962d925a3ac667b6ae0f257827b83ea7b4cab9592cde9757c8eff1739816516b4359c8fbd2f8c9e
SERVER_HANDSHAKE_TRAFFIC_SECRET b8da20ad1a8082a1d804fd988383018b87716120f26ad1303f2de4e5a8d36970 703f2c384e068cd368024fa039e9e8524a80b3a65b13b314bf3f93336fc62988d9795be09de37ce7f03252fdd14cb9a6
CLIENT_HANDSHAKE_TRAFFIC_SECRET b8da20ad1a8082a1d804fd988383018b87716120f26ad1303f2de4e5a8d36970 b52d582c0c89b6c0ca83e86f449715e4c9318b5d287b33265b3dd37227f9ef68a6f023edf376e6bdedfa336e5c9efb75
EXPORTER_SECRET b8da20ad1a8082a1d804fd988383018b87716120f26ad1303f2de4e5a8d36970 8a32929e05c3969f12234e3c46f104e73ce44700fa7175b4481ae3a80ba0e445ef80f721c4e64084610fd8d68abfef2a
SERVER_TRAFFIC_SECRET_0 b8da20ad1a8082a1d804fd988383018b87716120f26ad1303f2de4e5a8d36970 4f2a74d64dbfb06f608b100af872c4b0c3af2ef87694684cdc4b1dfcd25d1416377c0cb3cf977a20aa3c42e8454a92a8
CLIENT_TRAFFIC_SECRET_0 b8da20ad1a8082a1d804fd988383018b87716120f26ad1303f2de4e5a8d36970 4b565b4a52afdd64d158536b473a606bbfa4fea6def1467d292d7d7eb235c535728f95fedca887ad3208973ad4394d6d
